<?xml version="1.0" encoding="UTF-8"?>
<testng-results ignored="0" total="1" passed="1" failed="0" skipped="0">
  <reporter-output>
  </reporter-output>
  <suite started-at="2023-02-24T23:15:56 CST" name="Suite" finished-at="2023-02-24T23:16:25 CST" duration-ms="28809">
    <groups>
    </groups>
    <test started-at="2023-02-24T23:15:56 CST" name="Test" finished-at="2023-02-24T23:16:25 CST" duration-ms="28809">
      <class name="ehg.test.SignUpTest">
        <test-method is-config="true" signature="setup()[pri:0, instance:ehg.test.SignUpTest@f0da945]" started-at="2023-02-24T23:15:56 CST" name="setup" finished-at="2023-02-24T23:16:00 CST" duration-ms="4050" status="PASS">
          <reporter-output>
          </reporter-output>
        </test-method> <!-- setup -->
        <test-method signature="RegisterUserTest()[pri:0, instance:ehg.test.SignUpTest@f0da945]" started-at="2023-02-24T23:16:00 CST" name="RegisterUserTest" finished-at="2023-02-24T23:16:25 CST" duration-ms="24728" status="PASS">
          <reporter-output>
          </reporter-output>
        </test-method> <!-- RegisterUserTest -->
      </class> <!-- ehg.test.SignUpTest -->
    </test> <!-- Test -->
  </suite> <!-- Suite -->
</testng-results>
