<?xml version="1.0" encoding="UTF-8"?>
<testng-results ignored="0" total="1" passed="1" failed="0" skipped="0">
  <reporter-output>
  </reporter-output>
  <suite started-at="2023-02-26T05:01:48 CST" name="Suite" finished-at="2023-02-26T05:01:53 CST" duration-ms="4331">
    <groups>
    </groups>
    <test started-at="2023-02-26T05:01:48 CST" name="Test" finished-at="2023-02-26T05:01:53 CST" duration-ms="4331">
      <class name="ehg.test.MultipleLoginTest">
        <test-method is-config="true" signature="setup()[pri:0, instance:ehg.test.MultipleLoginTest@27462a88]" started-at="2023-02-26T05:01:48 CST" name="setup" finished-at="2023-02-26T05:01:52 CST" duration-ms="3226" status="PASS">
          <reporter-output>
          </reporter-output>
        </test-method> <!-- setup -->
        <test-method signature="LoginMultipleUsersTest()[pri:0, instance:ehg.test.MultipleLoginTest@27462a88]" started-at="2023-02-26T05:01:52 CST" name="LoginMultipleUsersTest" finished-at="2023-02-26T05:01:52 CST" duration-ms="516" status="PASS">
          <reporter-output>
          </reporter-output>
        </test-method> <!-- LoginMultipleUsersTest -->
        <test-method is-config="true" signature="tearDown()[pri:0, instance:ehg.test.MultipleLoginTest@27462a88]" started-at="2023-02-26T05:01:52 CST" name="tearDown" finished-at="2023-02-26T05:01:53 CST" duration-ms="568" status="PASS">
          <reporter-output>
          </reporter-output>
        </test-method> <!-- tearDown -->
      </class> <!-- ehg.test.MultipleLoginTest -->
    </test> <!-- Test -->
  </suite> <!-- Suite -->
</testng-results>
